<?xml version="1.0" encoding="UTF-8"?>
<!-- Generated by org.testng.reporters.JUnitReportReporter -->
<testsuite skipped="0" hostname="DESKTOP-ANFB91A" name="com.crm.qa.testcases.LoginPageTest" tests="3" failures="0" timestamp="16 Nov 2019 20:30:59 GMT" time="31.752" errors="0">
  <testcase name="loginPageTitleTest" time="8.774" classname="com.crm.qa.testcases.LoginPageTest"/>
  <testcase name="crmLogoImageTest" time="8.462" classname="com.crm.qa.testcases.LoginPageTest"/>
  <testcase name="loginTest" time="14.516" classname="com.crm.qa.testcases.LoginPageTest"/>
</testsuite> <!-- com.crm.qa.testcases.LoginPageTest -->
